

***********************************************************************
Fatal NI connect error 12560, connecting to:
 (DESCRIPTION=(ADDRESS=(PROTOCOL=BEQ)(PROGRAM=oracle)(ARGV0=oracleorcl)(ARGS='(DESCRIPTION=(LOCAL=YES)(ADDRESS=(PROTOCOL=beq)))'))(CONNECT_DATA=(SID=orcl)(CID=(PROGRAM=C:\Program?Files??x86?\Embarcadero\Studio\16.0\bin\bds.exe)(HOST=DESKTOP-DNF19BG)(USER=user))))

  VERSION INFORMATION:
	TNS for 32-bit Windows: Version 10.2.0.3.0 - Production
	Oracle Bequeath NT Protocol Adapter for 32-bit Windows: Version 10.2.0.3.0 - Production
  Time: 17-2월 -2020 14:54:56
  Tracing not turned on.
  Tns error struct:
    ns main err code: 12560
    TNS-12560: TNS:프로토콜 어댑터 오류
    ns secondary err code: 0
    nt main err code: 530
    TNS-00530: 프로토콜 어댑터 오류입니다
    nt secondary err code: 2
    nt OS err code: 0


***********************************************************************
Fatal NI connect error 12560, connecting to:
 (DESCRIPTION=(ADDRESS=(PROTOCOL=BEQ)(PROGRAM=oracle)(ARGV0=oracleorcl)(ARGS='(DESCRIPTION=(LOCAL=YES)(ADDRESS=(PROTOCOL=beq)))'))(CONNECT_DATA=(SID=orcl)(CID=(PROGRAM=C:\Program?Files??x86?\Embarcadero\Studio\16.0\bin\bds.exe)(HOST=DESKTOP-DNF19BG)(USER=user))))

  VERSION INFORMATION:
	TNS for 32-bit Windows: Version 10.2.0.3.0 - Production
	Oracle Bequeath NT Protocol Adapter for 32-bit Windows: Version 10.2.0.3.0 - Production
  Time: 17-2월 -2020 14:54:56
  Tracing not turned on.
  Tns error struct:
    ns main err code: 12560
    TNS-12560: TNS:프로토콜 어댑터 오류
    ns secondary err code: 0
    nt main err code: 530
    TNS-00530: 프로토콜 어댑터 오류입니다
    nt secondary err code: 2
    nt OS err code: 0


***********************************************************************
Fatal NI connect error 12560, connecting to:
 (DESCRIPTION=(ADDRESS=(PROTOCOL=BEQ)(PROGRAM=oracle)(ARGV0=oracleorcl)(ARGS='(DESCRIPTION=(LOCAL=YES)(ADDRESS=(PROTOCOL=beq)))'))(CONNECT_DATA=(SID=orcl)(CID=(PROGRAM=C:\Program?Files??x86?\Embarcadero\Studio\16.0\bin\bds.exe)(HOST=DESKTOP-DNF19BG)(USER=user))))

  VERSION INFORMATION:
	TNS for 32-bit Windows: Version 10.2.0.3.0 - Production
	Oracle Bequeath NT Protocol Adapter for 32-bit Windows: Version 10.2.0.3.0 - Production
  Time: 17-2월 -2020 15:03:54
  Tracing not turned on.
  Tns error struct:
    ns main err code: 12560
    TNS-12560: TNS:프로토콜 어댑터 오류
    ns secondary err code: 0
    nt main err code: 530
    TNS-00530: 프로토콜 어댑터 오류입니다
    nt secondary err code: 2
    nt OS err code: 0


***********************************************************************
Fatal NI connect error 12560, connecting to:
 (DESCRIPTION=(ADDRESS=(PROTOCOL=BEQ)(PROGRAM=oracle)(ARGV0=oracleorcl)(ARGS='(DESCRIPTION=(LOCAL=YES)(ADDRESS=(PROTOCOL=beq)))'))(CONNECT_DATA=(SID=orcl)(CID=(PROGRAM=C:\Program?Files??x86?\Embarcadero\Studio\16.0\bin\bds.exe)(HOST=DESKTOP-DNF19BG)(USER=user))))

  VERSION INFORMATION:
	TNS for 32-bit Windows: Version 10.2.0.3.0 - Production
	Oracle Bequeath NT Protocol Adapter for 32-bit Windows: Version 10.2.0.3.0 - Production
  Time: 17-2월 -2020 15:03:54
  Tracing not turned on.
  Tns error struct:
    ns main err code: 12560
    TNS-12560: TNS:프로토콜 어댑터 오류
    ns secondary err code: 0
    nt main err code: 530
    TNS-00530: 프로토콜 어댑터 오류입니다
    nt secondary err code: 2
    nt OS err code: 0


***********************************************************************
Fatal NI connect error 12560, connecting to:
 (DESCRIPTION=(ADDRESS=(PROTOCOL=BEQ)(PROGRAM=oracle)(ARGV0=oracleorcl)(ARGS='(DESCRIPTION=(LOCAL=YES)(ADDRESS=(PROTOCOL=beq)))'))(CONNECT_DATA=(SID=orcl)(CID=(PROGRAM=C:\Program?Files??x86?\Embarcadero\Studio\16.0\bin\bds.exe)(HOST=DESKTOP-DNF19BG)(USER=user))))

  VERSION INFORMATION:
	TNS for 32-bit Windows: Version 10.2.0.3.0 - Production
	Oracle Bequeath NT Protocol Adapter for 32-bit Windows: Version 10.2.0.3.0 - Production
  Time: 17-2월 -2020 15:03:56
  Tracing not turned on.
  Tns error struct:
    ns main err code: 12560
    TNS-12560: TNS:프로토콜 어댑터 오류
    ns secondary err code: 0
    nt main err code: 530
    TNS-00530: 프로토콜 어댑터 오류입니다
    nt secondary err code: 2
    nt OS err code: 0


***********************************************************************
Fatal NI connect error 12560, connecting to:
 (DESCRIPTION=(ADDRESS=(PROTOCOL=BEQ)(PROGRAM=oracle)(ARGV0=oracleorcl)(ARGS='(DESCRIPTION=(LOCAL=YES)(ADDRESS=(PROTOCOL=beq)))'))(CONNECT_DATA=(SID=orcl)(CID=(PROGRAM=C:\Program?Files??x86?\Embarcadero\Studio\16.0\bin\bds.exe)(HOST=DESKTOP-DNF19BG)(USER=user))))

  VERSION INFORMATION:
	TNS for 32-bit Windows: Version 10.2.0.3.0 - Production
	Oracle Bequeath NT Protocol Adapter for 32-bit Windows: Version 10.2.0.3.0 - Production
  Time: 17-2월 -2020 15:03:56
  Tracing not turned on.
  Tns error struct:
    ns main err code: 12560
    TNS-12560: TNS:프로토콜 어댑터 오류
    ns secondary err code: 0
    nt main err code: 530
    TNS-00530: 프로토콜 어댑터 오류입니다
    nt secondary err code: 2
    nt OS err code: 0


***********************************************************************
Fatal NI connect error 12560, connecting to:
 (DESCRIPTION=(ADDRESS=(PROTOCOL=BEQ)(PROGRAM=oracle)(ARGV0=oracleorcl)(ARGS='(DESCRIPTION=(LOCAL=YES)(ADDRESS=(PROTOCOL=beq)))'))(CONNECT_DATA=(SID=orcl)(CID=(PROGRAM=C:\Program?Files??x86?\Embarcadero\Studio\16.0\bin\bds.exe)(HOST=DESKTOP-DNF19BG)(USER=user))))

  VERSION INFORMATION:
	TNS for 32-bit Windows: Version 10.2.0.3.0 - Production
	Oracle Bequeath NT Protocol Adapter for 32-bit Windows: Version 10.2.0.3.0 - Production
  Time: 17-2월 -2020 15:04:01
  Tracing not turned on.
  Tns error struct:
    ns main err code: 12560
    TNS-12560: TNS:프로토콜 어댑터 오류
    ns secondary err code: 0
    nt main err code: 530
    TNS-00530: 프로토콜 어댑터 오류입니다
    nt secondary err code: 2
    nt OS err code: 0


***********************************************************************
Fatal NI connect error 12560, connecting to:
 (DESCRIPTION=(ADDRESS=(PROTOCOL=BEQ)(PROGRAM=oracle)(ARGV0=oracleorcl)(ARGS='(DESCRIPTION=(LOCAL=YES)(ADDRESS=(PROTOCOL=beq)))'))(CONNECT_DATA=(SID=orcl)(CID=(PROGRAM=C:\Program?Files??x86?\Embarcadero\Studio\16.0\bin\bds.exe)(HOST=DESKTOP-DNF19BG)(USER=user))))

  VERSION INFORMATION:
	TNS for 32-bit Windows: Version 10.2.0.3.0 - Production
	Oracle Bequeath NT Protocol Adapter for 32-bit Windows: Version 10.2.0.3.0 - Production
  Time: 17-2월 -2020 15:04:01
  Tracing not turned on.
  Tns error struct:
    ns main err code: 12560
    TNS-12560: TNS:프로토콜 어댑터 오류
    ns secondary err code: 0
    nt main err code: 530
    TNS-00530: 프로토콜 어댑터 오류입니다
    nt secondary err code: 2
    nt OS err code: 0
